<?xml version="1.0" encoding="UTF-8"?>
<!-- Generated by org.testng.reporters.JUnitReportReporter -->
<testsuite hostname="Haris-MacBook-Pro.local" failures="0" tests="4" name="day1.TestDemo" time="6.416" errors="0" timestamp="2026-04-14T19:44:33 GST" skipped="0">
  <testcase classname="day1.TestDemo" name="getUser" time="2.988"/>
  <testcase classname="day1.TestDemo" name="createUser" time="1.478"/>
  <testcase classname="day1.TestDemo" name="updateUser" time="1.477"/>
  <testcase classname="day1.TestDemo" name="deleteUser" time="0.473"/>
</testsuite> <!-- day1.TestDemo -->
